<?xml version="1.0" encoding="UTF-8"?>
<!-- Generated by org.testng.reporters.JUnitXMLReporter -->
<testsuite ignored="0" hostname="LAPTOP-AS5A9UFN" failures="1" tests="8" name="Default test" time="29.176" errors="0" timestamp="2026-04-30T17:55:49 CDT">
  <testcase classname="testCases.BookingPageTest" name="clickBookingLink" time="8.849"/>
  <testcase classname="testCases.BookingPageTest" name="addCouponCode" time="1.883">
    <failure type="java.lang.AssertionError" message="Coupon &amp;quot;arc254&amp;quot; cannot be applied because it does not exist1. expected [Coupon &amp;quot;arc254&amp;quot; cannot be applied because it does not exist1.] but found [Coupon &amp;quot;arc254&amp;quot; cannot be applied because it does not exist.]">
      <![CDATA[java.lang.AssertionError: Coupon "arc254" cannot be applied because it does not exist1. expected [Coupon "arc254" cannot be applied because it does not exist1.] but found [Coupon "arc254" cannot be applied because it does not exist.]
at org.testng.Assert.fail(Assert.java:111)
at org.testng.Assert.failNotEquals(Assert.java:1590)
at org.testng.Assert.assertEqualsImpl(Assert.java:150)
at org.testng.Assert.assertEquals(Assert.java:132)
at org.testng.Assert.assertEquals(Assert.java:656)
at testCases.BookingPageTest.addCouponCode(BookingPageTest.java:108)
at java.base/jdk.internal.reflect.NativeMethodAccessorImpl.invoke0(Native Method)
at java.base/jdk.internal.reflect.NativeMethodAccessorImpl.invoke(NativeMethodAccessorImpl.java:62)
at java.base/jdk.internal.reflect.DelegatingMethodAccessorImpl.invoke(DelegatingMethodAccessorImpl.java:43)
at java.base/java.lang.reflect.Method.invoke(Method.java:566)
at org.testng.internal.invokers.MethodInvocationHelper.invokeMethod(MethodInvocationHelper.java:141)
at org.testng.internal.invokers.TestInvoker.invokeMethod(TestInvoker.java:697)
at org.testng.internal.invokers.TestInvoker.invokeTestMethod(TestInvoker.java:230)
at org.testng.internal.invokers.MethodRunner.runInSequence(MethodRunner.java:63)
at org.testng.internal.invokers.TestInvoker$MethodInvocationAgent.invoke(TestInvoker.java:1005)
at org.testng.internal.invokers.TestInvoker.invokeTestMethods(TestInvoker.java:203)
at org.testng.internal.invokers.TestMethodWorker.invokeTestMethods(TestMethodWorker.java:154)
at org.testng.internal.invokers.TestMethodWorker.run(TestMethodWorker.java:134)
at java.base/java.util.ArrayList.forEach(ArrayList.java:1541)
at org.testng.TestRunner.privateRun(TestRunner.java:744)
at org.testng.TestRunner.run(TestRunner.java:616)
at org.testng.SuiteRunner.runTest(SuiteRunner.java:421)
at org.testng.SuiteRunner.runSequentially(SuiteRunner.java:413)
at org.testng.SuiteRunner.privateRun(SuiteRunner.java:373)
at org.testng.SuiteRunner.run(SuiteRunner.java:312)
at org.testng.SuiteRunnerWorker.runSuite(SuiteRunnerWorker.java:52)
at org.testng.SuiteRunnerWorker.run(SuiteRunnerWorker.java:95)
at org.testng.TestNG.runSuitesSequentially(TestNG.java:1274)
at org.testng.TestNG.runSuitesLocally(TestNG.java:1208)
at org.testng.TestNG.runSuites(TestNG.java:1112)
at org.testng.TestNG.run(TestNG.java:1079)
at org.testng.remote.AbstractRemoteTestNG.run(AbstractRemoteTestNG.java:115)
at org.testng.remote.RemoteTestNG.initAndRun(RemoteTestNG.java:293)
at org.testng.remote.RemoteTestNG.main(RemoteTestNG.java:91)
]]>
    </failure>
  </testcase> <!-- addCouponCode -->
  <testcase classname="testCases.BookingPageTest" name="enterPassengerDetails" time="1.862"/>
  <testcase classname="testCases.BookingPageTest" name="selectRadioButton" time="0.772"/>
  <testcase classname="testCases.BookingPageTest" name="verifyLogo" time="0.076"/>
  <testcase classname="testCases.BookingPageTest" name="selectOptionalPassenger" time="0.597"/>
  <testcase classname="testCases.BookingPageTest" name="selectSex" time="0.451"/>
  <testcase classname="testCases.BookingPageTest" name="secondPassengerDetails" time="1.494"/>
</testsuite> <!-- Default test -->
