<?xml version="1.0" encoding="UTF-8"?>
<!-- Generated by org.testng.reporters.JUnitXMLReporter -->
<testsuite ignored="1" hostname="LAPTOP-AS5A9UFN" failures="0" tests="7" name="Test" time="19.054" errors="0" timestamp="2026-04-18T07:48:43 CDT">
  <testcase classname="testCases.BookingPage" name="clickBookingLink" time="6.614"/>
  <testcase classname="testCases.BookingPage" name="verifyLogo" time="1.04"/>
  <testcase classname="testCases.BookingPage" name="selectRadioButton" time="0.542"/>
  <testcase classname="testCases.BookingPage" name="addCouponCode" time="1.61"/>
  <testcase classname="testCases.BookingPage" name="enterPassengerDetails" time="0.937"/>
  <testcase classname="testCases.BookingPage" name="selectSex" time="0.356"/>
  <testcase classname="testCases.BookingPage" name="selectOptionalPassenger" time="0.422"/>
  <testcase classname="testCases.BookingPage" name="secondPassengerDetails" time="0.0">
    <ignored/>
  </testcase> <!-- secondPassengerDetails -->
</testsuite> <!-- Test -->
