<?xml version="1.0" encoding="UTF-8"?>
<testng-results ignored="0" total="8" passed="7" failed="1" skipped="0">
  <reporter-output>
  </reporter-output>
  <suite started-at="2026-04-30T17:55:20 CDT" name="Default suite" finished-at="2026-04-30T17:55:49 CDT" duration-ms="29176">
    <groups>
    </groups>
    <test started-at="2026-04-30T17:55:20 CDT" name="Default test" finished-at="2026-04-30T17:55:49 CDT" duration-ms="29176">
      <class name="testCases.BookingPageTest">
        <test-method is-config="true" signature="setup()[pri:0, instance:testCases.BookingPageTest@4a003cbe]" started-at="2026-04-30T17:55:20 CDT" name="setup" finished-at="2026-04-30T17:55:32 CDT" duration-ms="12026" status="PASS">
          <reporter-output>
          </reporter-output>
        </test-method> <!-- setup -->
        <test-method signature="clickBookingLink()[pri:0, instance:testCases.BookingPageTest@4a003cbe]" started-at="2026-04-30T17:55:32 CDT" name="clickBookingLink" finished-at="2026-04-30T17:55:41 CDT" duration-ms="8849" status="PASS">
          <reporter-output>
          </reporter-output>
        </test-method> <!-- clickBookingLink -->
        <test-method signature="addCouponCode()[pri:0, instance:testCases.BookingPageTest@4a003cbe]" started-at="2026-04-30T17:55:41 CDT" name="addCouponCode" finished-at="2026-04-30T17:55:42 CDT" depends-on-methods="testCases.BookingPageTest.clickBookingLink" duration-ms="1883" status="FAIL">
          <exception class="java.lang.AssertionError">
            <message>
              <![CDATA[Coupon "arc254" cannot be applied because it does not exist1. expected [Coupon "arc254" cannot be applied because it does not exist1.] but found [Coupon "arc254" cannot be applied because it does not exist.]]]>
            </message>
            <full-stacktrace>
              <![CDATA[java.lang.AssertionError: Coupon "arc254" cannot be applied because it does not exist1. expected [Coupon "arc254" cannot be applied because it does not exist1.] but found [Coupon "arc254" cannot be applied because it does not exist.]
at org.testng.Assert.fail(Assert.java:111)
at org.testng.Assert.failNotEquals(Assert.java:1590)
at org.testng.Assert.assertEqualsImpl(Assert.java:150)
at org.testng.Assert.assertEquals(Assert.java:132)
at org.testng.Assert.assertEquals(Assert.java:656)
at testCases.BookingPageTest.addCouponCode(BookingPageTest.java:108)
at java.base/jdk.internal.reflect.NativeMethodAccessorImpl.invoke0(Native Method)
at java.base/jdk.internal.reflect.NativeMethodAccessorImpl.invoke(NativeMethodAccessorImpl.java:62)
at java.base/jdk.internal.reflect.DelegatingMethodAccessorImpl.invoke(DelegatingMethodAccessorImpl.java:43)
at java.base/java.lang.reflect.Method.invoke(Method.java:566)
at org.testng.internal.invokers.MethodInvocationHelper.invokeMethod(MethodInvocationHelper.java:141)
at org.testng.internal.invokers.TestInvoker.invokeMethod(TestInvoker.java:697)
at org.testng.internal.invokers.TestInvoker.invokeTestMethod(TestInvoker.java:230)
at org.testng.internal.invokers.MethodRunner.runInSequence(MethodRunner.java:63)
at org.testng.internal.invokers.TestInvoker$MethodInvocationAgent.invoke(TestInvoker.java:1005)
at org.testng.internal.invokers.TestInvoker.invokeTestMethods(TestInvoker.java:203)
at org.testng.internal.invokers.TestMethodWorker.invokeTestMethods(TestMethodWorker.java:154)
at org.testng.internal.invokers.TestMethodWorker.run(TestMethodWorker.java:134)
at java.base/java.util.ArrayList.forEach(ArrayList.java:1541)
at org.testng.TestRunner.privateRun(TestRunner.java:744)
at org.testng.TestRunner.run(TestRunner.java:616)
at org.testng.SuiteRunner.runTest(SuiteRunner.java:421)
at org.testng.SuiteRunner.runSequentially(SuiteRunner.java:413)
at org.testng.SuiteRunner.privateRun(SuiteRunner.java:373)
at org.testng.SuiteRunner.run(SuiteRunner.java:312)
at org.testng.SuiteRunnerWorker.runSuite(SuiteRunnerWorker.java:52)
at org.testng.SuiteRunnerWorker.run(SuiteRunnerWorker.java:95)
at org.testng.TestNG.runSuitesSequentially(TestNG.java:1274)
at org.testng.TestNG.runSuitesLocally(TestNG.java:1208)
at org.testng.TestNG.runSuites(TestNG.java:1112)
at org.testng.TestNG.run(TestNG.java:1079)
at org.testng.remote.AbstractRemoteTestNG.run(AbstractRemoteTestNG.java:115)
at org.testng.remote.RemoteTestNG.initAndRun(RemoteTestNG.java:293)
at org.testng.remote.RemoteTestNG.main(RemoteTestNG.java:91)
]]>
            </full-stacktrace>
          </exception> <!-- java.lang.AssertionError -->
          <reporter-output>
          </reporter-output>
        </test-method> <!-- addCouponCode -->
        <test-method signature="enterPassengerDetails()[pri:0, instance:testCases.BookingPageTest@4a003cbe]" started-at="2026-04-30T17:55:42 CDT" name="enterPassengerDetails" finished-at="2026-04-30T17:55:44 CDT" depends-on-methods="testCases.BookingPageTest.clickBookingLink" duration-ms="1862" status="PASS">
          <reporter-output>
          </reporter-output>
        </test-method> <!-- enterPassengerDetails -->
        <test-method signature="selectRadioButton()[pri:0, instance:testCases.BookingPageTest@4a003cbe]" started-at="2026-04-30T17:55:44 CDT" name="selectRadioButton" finished-at="2026-04-30T17:55:45 CDT" depends-on-methods="testCases.BookingPageTest.clickBookingLink" duration-ms="772" status="PASS">
          <reporter-output>
          </reporter-output>
        </test-method> <!-- selectRadioButton -->
        <test-method signature="verifyLogo()[pri:0, instance:testCases.BookingPageTest@4a003cbe]" started-at="2026-04-30T17:55:45 CDT" name="verifyLogo" finished-at="2026-04-30T17:55:45 CDT" depends-on-methods="testCases.BookingPageTest.clickBookingLink" duration-ms="76" status="PASS">
          <reporter-output>
          </reporter-output>
        </test-method> <!-- verifyLogo -->
        <test-method signature="selectOptionalPassenger()[pri:0, instance:testCases.BookingPageTest@4a003cbe]" started-at="2026-04-30T17:55:45 CDT" name="selectOptionalPassenger" finished-at="2026-04-30T17:55:46 CDT" depends-on-methods="testCases.BookingPageTest.enterPassengerDetails" duration-ms="597" status="PASS">
          <reporter-output>
          </reporter-output>
        </test-method> <!-- selectOptionalPassenger -->
        <test-method signature="selectSex()[pri:0, instance:testCases.BookingPageTest@4a003cbe]" started-at="2026-04-30T17:55:46 CDT" name="selectSex" finished-at="2026-04-30T17:55:46 CDT" depends-on-methods="testCases.BookingPageTest.enterPassengerDetails" duration-ms="451" status="PASS">
          <reporter-output>
          </reporter-output>
        </test-method> <!-- selectSex -->
        <test-method signature="secondPassengerDetails()[pri:0, instance:testCases.BookingPageTest@4a003cbe]" started-at="2026-04-30T17:55:46 CDT" name="secondPassengerDetails" finished-at="2026-04-30T17:55:48 CDT" depends-on-methods="testCases.BookingPageTest.selectOptionalPassenger" duration-ms="1494" status="PASS">
          <reporter-output>
          </reporter-output>
        </test-method> <!-- secondPassengerDetails -->
        <test-method is-config="true" signature="tearDown()[pri:0, instance:testCases.BookingPageTest@4a003cbe]" started-at="2026-04-30T17:55:48 CDT" name="tearDown" finished-at="2026-04-30T17:55:49 CDT" duration-ms="992" status="PASS">
          <reporter-output>
          </reporter-output>
        </test-method> <!-- tearDown -->
      </class> <!-- testCases.BookingPageTest -->
    </test> <!-- Default test -->
  </suite> <!-- Default suite -->
</testng-results>
