<?xml version="1.0" encoding="UTF-8"?>
<!-- Generated by org.testng.reporters.JUnitReportReporter -->
<testsuite hostname="LAPTOP-AS5A9UFN" failures="0" tests="8" name="testCases.BookingPageTest" time="13.774" errors="0" timestamp="2026-04-26T14:52:27 CDT" skipped="0">
  <testcase classname="testCases.BookingPageTest" name="secondPassengerDetails" time="0.988"/>
  <testcase classname="testCases.BookingPageTest" name="selectSex" time="0.329"/>
  <testcase classname="testCases.BookingPageTest" name="clickBookingLink" time="6.669"/>
  <testcase classname="testCases.BookingPageTest" name="selectRadioButton" time="0.659"/>
  <testcase classname="testCases.BookingPageTest" name="selectOptionalPassenger" time="0.432"/>
  <testcase classname="testCases.BookingPageTest" name="verifyLogo" time="0.039"/>
  <testcase classname="testCases.BookingPageTest" name="addCouponCode" time="3.211"/>
  <testcase classname="testCases.BookingPageTest" name="enterPassengerDetails" time="1.447"/>
</testsuite> <!-- testCases.BookingPageTest -->
