<?xml version="1.0" encoding="UTF-8"?>
<!-- Generated by org.testng.reporters.JUnitReportReporter -->
<testsuite hostname="LAPTOP-AS5A9UFN" failures="0" tests="3" name="testCases.CorrectionOption" time="9.821" errors="0" timestamp="2026-04-14T14:55:57 CDT" skipped="0">
  <testcase classname="testCases.CorrectionOption" name="clickBookingLink" time="6.705"/>
  <testcase classname="testCases.CorrectionOption" name="selectRadioButton" time="1.597"/>
  <testcase classname="testCases.CorrectionOption" name="addCouponCode" time="1.519"/>
</testsuite> <!-- testCases.CorrectionOption -->
