<?xml version="1.0" encoding="UTF-8"?>
<!-- Generated by org.testng.reporters.JUnitReportReporter -->
<testsuite hostname="LAPTOP-AS5A9UFN" failures="0" tests="8" name="testCases.BookingPage" time="13.019" errors="0" timestamp="2026-04-21T11:07:35 CDT" skipped="0">
  <testcase classname="testCases.BookingPage" name="enterPassengerDetails" time="1.379"/>
  <testcase classname="testCases.BookingPage" name="secondPassengerDetails" time="0.911"/>
  <testcase classname="testCases.BookingPage" name="selectRadioButton" time="0.713"/>
  <testcase classname="testCases.BookingPage" name="clickBookingLink" time="7.442"/>
  <testcase classname="testCases.BookingPage" name="selectSex" time="0.371"/>
  <testcase classname="testCases.BookingPage" name="addCouponCode" time="1.709"/>
  <testcase classname="testCases.BookingPage" name="verifyLogo" time="0.046"/>
  <testcase classname="testCases.BookingPage" name="selectOptionalPassenger" time="0.448"/>
</testsuite> <!-- testCases.BookingPage -->
